SF:lib\core\error\exceptions.dart
DA:8,2
DA:13,1
DA:14,3
DA:19,1
DA:24,2
DA:29,1
LF:6
LH:6
end_of_record
SF:lib\core\error\failures.dart
DA:8,1
DA:13,1
DA:15,1
DA:16,3
DA:17,3
DA:19,1
DA:20,3
DA:22,0
DA:23,0
DA:28,1
DA:33,1
DA:38,1
DA:43,1
LF:13
LH:11
end_of_record
SF:lib\core\theme\app_theme.dart
DA:51,6
DA:52,6
DA:55,28
DA:56,14
DA:57,11
DA:59,14
DA:60,14
DA:65,14
DA:66,14
DA:67,14
DA:68,28
DA:69,14
DA:70,14
DA:72,14
DA:79,14
DA:81,14
DA:83,14
DA:85,14
DA:87,14
DA:89,14
DA:90,14
LF:21
LH:21
end_of_record
SF:lib\core\theme\theme_controller.dart
DA:8,6
DA:9,0
DA:19,2
DA:20,8
DA:23,2
DA:24,4
DA:25,2
DA:26,8
DA:30,1
DA:31,3
DA:36,6
LF:11
LH:10
end_of_record
SF:lib\main.dart
DA:11,0
DA:12,0
DA:14,0
DA:15,0
DA:16,0
DA:21,0
DA:23,0
DA:24,0
DA:25,0
DA:26,0
DA:29,0
DA:30,0
DA:32,0
DA:33,0
DA:34,0
DA:35,0
DA:44,2
DA:46,1
DA:48,2
DA:50,1
DA:53,1
LF:21
LH:5
end_of_record
SF:lib\core\theme\theme_store.dart
DA:22,0
DA:28,0
DA:30,0
DA:31,0
DA:32,0
DA:33,0
DA:37,0
DA:38,0
LF:8
LH:0
end_of_record
SF:lib\core\persistence\box_providers.dart
DA:14,3
DA:15,2
DA:19,3
DA:20,2
DA:24,3
DA:25,2
DA:29,3
DA:30,2
LF:8
LH:8
end_of_record
SF:lib\core\theme\app_colors.dart
DA:15,3
DA:66,6
DA:69,6
DA:72,6
DA:75,6
DA:78,6
DA:81,3
DA:84,3
DA:87,3
DA:92,2
DA:94,3
DA:95,3
DA:96,3
DA:101,2
DA:104,3
DA:107,1
DA:120,1
DA:121,1
DA:122,1
DA:123,1
DA:124,1
DA:125,1
DA:126,1
DA:127,1
DA:128,1
DA:129,1
DA:130,1
DA:134,1
DA:136,1
DA:137,1
DA:138,3
DA:139,3
DA:140,3
DA:141,3
DA:142,3
DA:143,3
DA:144,3
DA:145,3
DA:146,3
DA:147,3
DA:151,5
DA:154,1
DA:155,3
DA:156,3
DA:157,3
DA:158,3
DA:159,3
DA:160,3
DA:161,3
DA:162,3
DA:163,3
DA:164,3
DA:167,1
DA:168,1
DA:169,1
DA:170,1
DA:171,1
DA:172,1
DA:173,1
DA:174,1
DA:175,1
DA:176,1
DA:177,1
DA:178,1
DA:184,30
LF:65
LH:65
end_of_record
SF:lib\core\mock\mock_config.dart
DA:14,2
DA:34,3
DA:35,12
DA:37,1
DA:42,1
DA:43,0
DA:44,1
DA:45,1
DA:52,0
LF:9
LH:7
end_of_record
SF:lib\core\utils\formatters.dart
DA:17,3
DA:18,3
DA:24,1
DA:25,2
DA:26,1
DA:28,1
DA:29,2
DA:30,1
DA:31,1
DA:33,1
DA:35,2
DA:43,1
DA:44,2
DA:45,1
DA:46,4
DA:47,4
DA:48,4
DA:49,2
DA:56,1
DA:57,4
DA:58,4
DA:59,2
DA:66,4
LF:23
LH:23
end_of_record
SF:lib\core\utils\price_series.dart
DA:18,2
DA:20,4
DA:21,2
DA:22,4
DA:24,2
DA:30,2
DA:31,2
DA:32,2
DA:33,4
DA:34,10
DA:35,14
DA:36,2
DA:37,8
DA:47,2
DA:52,4
DA:53,6
DA:54,2
DA:56,4
DA:57,10
DA:58,2
LF:20
LH:20
end_of_record
SF:lib\core\utils\smooth_path.dart
DA:17,2
DA:18,2
DA:19,2
DA:20,4
DA:21,2
DA:27,1
DA:28,1
DA:29,1
DA:30,2
DA:31,1
DA:33,4
DA:34,4
DA:35,1
DA:39,2
DA:40,2
DA:41,2
DA:42,2
DA:43,2
DA:44,6
DA:45,2
DA:46,2
DA:47,2
DA:48,4
DA:49,2
DA:50,14
DA:51,16
DA:58,2
DA:59,2
DA:60,10
DA:61,6
DA:62,8
DA:63,2
DA:64,4
DA:65,8
DA:66,2
DA:67,12
DA:68,12
DA:70,2
DA:71,12
DA:72,12
DA:74,14
LF:41
LH:41
end_of_record
SF:lib\core\widgets\icons\app_icon.dart
DA:36,5
DA:52,5
DA:54,5
DA:55,5
DA:56,5
DA:57,5
DA:58,5
DA:59,5
DA:60,13
DA:68,5
DA:78,5
DA:80,5
DA:81,5
DA:82,10
DA:83,10
DA:84,5
DA:85,5
DA:88,10
DA:89,5
DA:90,5
DA:91,15
DA:92,5
DA:95,1
DA:97,3
DA:98,0
DA:99,0
DA:104,5
DA:106,5
DA:108,1
DA:109,1
DA:110,1
DA:111,1
DA:112,1
DA:113,1
DA:114,1
DA:115,1
DA:116,5
DA:118,2
DA:119,2
DA:120,6
DA:121,2
DA:122,2
DA:123,8
DA:124,2
DA:125,2
DA:126,5
DA:128,1
DA:129,1
DA:130,2
DA:131,1
DA:132,1
DA:133,1
DA:134,1
DA:135,1
DA:136,1
DA:137,1
DA:138,1
DA:140,1
DA:141,5
DA:143,1
DA:144,1
DA:145,1
DA:146,1
DA:147,1
DA:148,1
DA:149,1
DA:150,1
DA:151,1
DA:152,2
DA:153,2
DA:154,5
DA:155,2
DA:156,4
DA:157,2
DA:158,2
DA:159,4
DA:161,1
DA:162,1
DA:163,1
DA:164,1
DA:165,4
DA:166,2
DA:167,2
DA:168,2
DA:169,2
DA:170,2
DA:171,3
DA:173,1
DA:174,1
DA:175,1
DA:176,1
DA:177,3
DA:179,1
DA:180,1
DA:181,1
DA:182,1
DA:183,3
DA:185,2
DA:186,2
DA:187,2
DA:188,2
DA:189,2
DA:190,4
DA:191,2
DA:193,2
DA:194,2
DA:195,2
DA:196,2
LF:108
LH:106
end_of_record
SF:lib\core\widgets\app_toast.dart
DA:18,1
DA:29,1
DA:30,1
DA:35,2
DA:42,1
DA:44,1
DA:45,2
DA:46,5
DA:49,1
DA:50,1
DA:51,2
DA:52,1
DA:53,3
DA:54,3
DA:57,1
DA:59,2
DA:60,2
DA:61,1
DA:64,1
DA:66,1
DA:67,1
DA:69,1
DA:70,1
DA:71,2
DA:72,2
DA:73,1
DA:74,5
DA:78,1
DA:79,1
DA:80,1
DA:81,1
DA:82,2
DA:83,1
DA:84,1
DA:86,1
DA:93,1
DA:95,1
DA:97,1
DA:98,1
DA:102,1
DA:103,1
DA:106,1
DA:108,3
DA:113,1
DA:114,2
DA:115,1
DA:116,1
LF:47
LH:47
end_of_record
SF:lib\core\widgets\app_icon_button.dart
DA:14,1
DA:27,1
DA:29,1
DA:30,1
DA:32,4
DA:34,1
DA:35,2
DA:37,1
DA:38,1
DA:40,1
DA:44,1
DA:46,1
DA:48,3
LF:13
LH:13
end_of_record
SF:lib\core\widgets\primary_button.dart
DA:12,3
DA:27,3
DA:29,3
DA:30,3
DA:32,3
DA:33,3
DA:35,3
DA:36,3
DA:38,3
DA:39,3
DA:40,3
DA:41,3
DA:43,3
DA:44,9
DA:45,3
DA:53,3
DA:54,6
LF:17
LH:17
end_of_record
SF:lib\core\widgets\secondary_button.dart
DA:10,1
DA:25,1
DA:27,1
DA:28,1
DA:30,1
DA:31,1
DA:33,2
DA:35,1
DA:38,1
DA:39,1
DA:41,1
DA:42,1
DA:43,1
DA:44,1
DA:46,1
DA:47,1
DA:48,1
DA:57,1
DA:58,2
LF:19
LH:19
end_of_record
SF:lib\core\widgets\text_action_button.dart
DA:12,1
DA:23,1
DA:25,1
DA:27,1
DA:28,1
DA:29,1
DA:34,1
DA:36,1
DA:37,2
DA:38,3
DA:41,1
DA:42,1
DA:43,1
DA:44,1
LF:14
LH:14
end_of_record
SF:lib\core\widgets\grouped_list_card.dart
DA:10,1
DA:14,1
DA:16,1
DA:17,1
DA:19,1
DA:20,4
DA:21,3
DA:22,4
DA:23,3
DA:27,1
DA:28,1
DA:29,1
DA:31,2
DA:33,1
DA:35,1
LF:15
LH:15
end_of_record
SF:lib\core\widgets\surface_card.dart
DA:11,1
DA:22,1
DA:24,1
DA:25,1
DA:27,1
DA:28,1
DA:29,1
DA:31,2
DA:33,1
DA:36,1
DA:37,1
DA:39,3
LF:12
LH:12
end_of_record
SF:lib\core\widgets\coin_avatar.dart
DA:11,1
DA:29,1
DA:31,1
DA:32,1
DA:33,1
DA:35,2
DA:36,1
DA:37,1
DA:38,1
DA:39,3
DA:40,3
LF:11
LH:11
end_of_record
SF:lib\core\widgets\empty_state.dart
DA:18,1
DA:37,1
DA:39,1
DA:40,1
DA:41,2
DA:43,1
DA:44,1
DA:49,1
DA:51,1
DA:52,1
DA:56,1
DA:57,3
DA:58,1
DA:59,3
DA:61,1
DA:62,1
DA:63,3
DA:64,1
DA:68,2
DA:69,1
DA:70,1
DA:72,1
DA:73,1
DA:74,1
DA:79,1
DA:81,1
DA:82,1
DA:84,1
DA:85,1
DA:91,1
DA:93,1
DA:94,1
DA:95,1
LF:33
LH:33
end_of_record
SF:lib\core\widgets\error_state.dart
DA:14,1
DA:27,1
DA:29,1
DA:31,1
DA:32,1
DA:37,1
DA:39,1
DA:40,1
DA:44,1
DA:45,1
DA:46,1
DA:48,2
DA:51,1
DA:52,1
DA:54,1
DA:55,1
DA:61,1
DA:63,1
DA:64,1
DA:66,1
DA:67,1
DA:74,1
DA:75,1
DA:76,1
LF:24
LH:24
end_of_record
SF:lib\core\widgets\price_change_badge.dart
DA:33,1
DA:47,1
DA:49,1
DA:51,4
DA:52,3
DA:53,3
DA:54,2
DA:57,1
DA:58,1
DA:60,1
DA:62,1
DA:63,2
DA:64,1
DA:65,3
DA:66,1
DA:68,2
DA:77,1
DA:78,1
DA:80,1
DA:83,3
LF:20
LH:20
end_of_record
SF:lib\core\widgets\segmented_control.dart
DA:10,1
DA:32,1
DA:50,1
DA:52,1
DA:53,2
DA:54,1
DA:57,1
DA:59,1
DA:64,2
DA:66,1
DA:67,1
DA:68,1
DA:69,2
DA:71,2
DA:73,1
DA:75,1
DA:76,1
DA:77,1
DA:78,1
DA:79,1
DA:80,3
DA:83,4
DA:93,1
DA:107,1
DA:109,1
DA:110,1
DA:112,1
DA:113,1
DA:116,1
DA:118,1
DA:119,2
DA:120,1
DA:122,1
DA:123,1
DA:125,1
DA:126,1
DA:127,3
DA:128,1
LF:38
LH:38
end_of_record
SF:lib\core\widgets\skeleton.dart
DA:13,1
DA:24,1
DA:25,1
DA:30,2
DA:33,1
DA:35,1
DA:37,2
DA:38,1
DA:41,1
DA:43,1
DA:45,1
DA:46,1
DA:47,1
DA:49,4
DA:50,1
DA:51,2
DA:52,2
DA:53,1
DA:54,3
DA:55,1
DA:56,2
DA:57,2
DA:58,4
LF:23
LH:23
end_of_record
SF:lib\core\widgets\sparkline.dart
DA:13,1
DA:28,1
DA:30,1
DA:31,1
DA:32,3
DA:33,1
DA:34,1
DA:35,3
DA:36,1
DA:43,1
DA:53,1
DA:55,3
DA:56,1
DA:57,1
DA:58,2
DA:59,2
DA:60,1
DA:61,1
DA:62,3
DA:65,0
DA:67,0
DA:68,0
DA:69,0
LF:23
LH:19
end_of_record
SF:lib\core\widgets\toggle_switch.dart
DA:10,1
DA:24,1
DA:26,1
DA:28,1
DA:30,4
DA:31,1
DA:36,1
DA:37,3
DA:38,1
DA:40,1
DA:41,1
DA:42,1
DA:46,1
DA:47,1
DA:50,1
DA:51,3
LF:16
LH:16
end_of_record
SF:lib\features\alerts\data\datasources\alerts_local_data_source.dart
DA:14,1
DA:21,2
DA:22,1
DA:23,1
DA:24,1
DA:28,1
DA:29,2
DA:30,1
DA:32,2
DA:34,0
DA:39,1
DA:41,4
DA:43,0
DA:48,1
DA:50,2
DA:52,0
DA:56,1
DA:58,1
DA:59,3
DA:60,2
DA:61,3
DA:64,0
DA:68,1
DA:69,3
DA:71,3
DA:72,4
DA:73,1
DA:76,0
LF:28
LH:23
end_of_record
SF:lib\features\alerts\data\repositories\alerts_repository_impl.dart
DA:13,1
DA:19,0
DA:21,1
DA:24,3
DA:25,5
DA:27,0
DA:28,0
DA:32,1
DA:39,2
DA:40,1
DA:41,2
DA:43,1
DA:48,0
DA:53,1
DA:56,2
DA:58,2
DA:59,1
DA:60,1
DA:61,1
DA:62,1
DA:63,1
DA:67,0
DA:72,1
DA:75,2
DA:76,0
LF:25
LH:19
end_of_record
SF:lib\features\alerts\domain\entities\alert.dart
DA:14,2
DA:37,1
DA:44,1
DA:45,1
DA:46,1
DA:47,1
DA:48,1
DA:49,1
DA:53,1
DA:55,1
DA:56,3
DA:57,3
DA:58,3
DA:59,3
DA:60,3
DA:62,1
DA:64,6
LF:17
LH:17
end_of_record
SF:lib\core\persistence\box_stream.dart
DA:15,3
DA:24,3
DA:26,3
DA:27,3
DA:28,6
DA:29,8
DA:31,4
DA:33,0
DA:37,0
DA:41,3
DA:43,6
DA:45,3
LF:12
LH:10
end_of_record
SF:lib\features\alerts\data\models\alert_model.dart
DA:6,2
DA:14,2
DA:15,1
DA:16,1
DA:17,2
DA:18,1
DA:19,1
DA:22,4
DA:23,2
DA:24,2
DA:25,2
DA:26,4
DA:27,2
DA:38,4
DA:39,2
DA:40,2
DA:41,4
DA:42,2
DA:43,2
DA:46,4
DA:47,2
DA:48,2
DA:49,2
DA:50,2
DA:51,2
LF:25
LH:25
end_of_record
SF:lib\features\market\data\models\coin_model.dart
DA:9,4
DA:23,2
DA:24,1
DA:25,1
DA:26,1
DA:27,1
DA:28,1
DA:29,1
DA:30,1
DA:31,1
DA:32,1
DA:33,1
DA:34,1
DA:37,4
DA:38,2
DA:39,2
DA:40,2
DA:41,2
DA:42,4
DA:43,4
DA:44,4
DA:45,4
DA:46,4
DA:47,4
DA:48,8
DA:63,6
DA:64,3
DA:65,3
DA:66,3
DA:67,3
DA:68,3
DA:69,3
DA:70,3
DA:71,3
DA:72,3
DA:73,3
DA:74,3
DA:77,4
DA:78,2
DA:79,2
DA:80,2
DA:81,2
DA:82,2
DA:83,2
DA:84,2
DA:85,2
DA:86,2
DA:87,2
DA:88,2
LF:49
LH:49
end_of_record
SF:lib\features\market\domain\entities\coin.dart
DA:11,4
DA:59,8
DA:61,1
DA:74,1
DA:75,1
DA:76,1
DA:77,1
DA:78,1
DA:79,1
DA:80,0
DA:81,1
DA:82,1
DA:83,1
DA:84,1
DA:85,1
DA:89,3
DA:91,3
DA:92,9
DA:93,9
DA:94,9
DA:95,9
DA:96,9
DA:97,9
DA:98,9
DA:99,9
DA:100,9
DA:101,9
DA:102,9
DA:104,1
DA:105,1
DA:106,1
DA:107,1
DA:108,1
DA:109,1
DA:110,1
DA:111,1
DA:112,1
DA:113,1
DA:114,1
DA:115,1
DA:116,2
DA:119,3
DA:121,9
DA:122,9
DA:123,9
LF:45
LH:44
end_of_record
SF:lib\features\market\data\datasources\market_cache_data_source.dart
DA:20,1
DA:26,1
DA:29,2
DA:30,1
DA:31,1
DA:32,1
DA:33,2
DA:36,0
DA:40,1
DA:43,5
DA:45,0
LF:11
LH:9
end_of_record
SF:lib\features\market\data\datasources\market_remote_data_source.dart
DA:31,2
DA:32,2
DA:37,2
DA:38,6
DA:39,6
DA:44,2
DA:46,2
DA:50,1
DA:52,1
DA:53,2
DA:54,2
DA:56,2
DA:59,1
DA:61,1
DA:62,1
DA:63,1
DA:64,2
DA:65,1
DA:72,1
DA:73,2
DA:74,3
LF:21
LH:21
end_of_record
SF:lib\features\market\data\repositories\market_repository_impl.dart
DA:15,1
DA:24,1
DA:28,6
DA:29,1
DA:32,1
DA:35,2
DA:36,2
DA:37,4
DA:38,1
DA:39,2
DA:43,1
DA:46,2
DA:47,2
DA:48,4
DA:49,1
DA:50,1
DA:54,1
DA:57,2
DA:58,0
DA:59,1
DA:60,1
DA:64,1
DA:67,2
DA:68,1
DA:69,3
DA:70,2
DA:72,1
DA:73,1
DA:77,1
DA:78,1
DA:79,1
DA:80,0
LF:32
LH:30
end_of_record
SF:lib\features\market\domain\entities\price_point.dart
DA:7,1
DA:15,1
DA:17,7
DA:19,1
DA:20,3
LF:5
LH:5
end_of_record
SF:lib\features\portfolio\data\datasources\holdings_local_data_source.dart
DA:16,1
DA:23,2
DA:24,1
DA:25,1
DA:26,1
DA:31,1
DA:33,4
DA:35,0
DA:40,1
DA:42,2
DA:44,0
DA:48,1
DA:50,1
DA:51,3
DA:52,2
DA:53,3
DA:56,0
DA:60,1
DA:61,3
DA:63,3
DA:64,4
DA:65,1
DA:68,0
LF:23
LH:19
end_of_record
SF:lib\features\portfolio\data\repositories\portfolio_repository_impl.dart
DA:13,1
DA:17,1
DA:20,3
DA:21,5
DA:23,0
DA:24,0
DA:28,1
DA:35,2
DA:36,1
DA:42,0
DA:47,1
DA:50,2
DA:51,0
LF:13
LH:9
end_of_record
SF:lib\features\portfolio\data\models\holding_model.dart
DA:6,3
DA:12,0
DA:13,0
DA:14,0
DA:15,0
DA:18,2
DA:19,1
DA:20,2
DA:21,2
DA:28,2
DA:29,1
DA:30,1
DA:31,1
DA:34,2
DA:35,1
DA:36,1
DA:37,1
LF:17
LH:13
end_of_record
SF:lib\features\portfolio\domain\entities\holding.dart
DA:8,3
DA:24,4
DA:26,1
DA:27,1
DA:28,1
DA:29,1
DA:30,1
DA:34,1
DA:36,1
DA:37,3
DA:38,3
DA:39,3
DA:41,1
DA:42,4
LF:14
LH:14
end_of_record
SF:lib\features\portfolio\domain\entities\portfolio_position.dart
DA:9,2
DA:18,3
DA:21,5
DA:24,3
DA:27,4
DA:30,1
DA:31,6
DA:33,1
DA:35,1
DA:36,3
DA:37,3
DA:39,1
DA:40,3
LF:13
LH:13
end_of_record
SF:lib\features\portfolio\domain\entities\portfolio_summary.dart
DA:9,1
DA:16,1
DA:19,2
DA:20,2
DA:21,2
DA:23,1
DA:24,1
DA:40,4
DA:43,1
DA:44,6
DA:47,1
DA:48,5
LF:12
LH:12
end_of_record
SF:lib\features\settings\data\datasources\prefs_local_data_source.dart
DA:14,1
DA:21,2
DA:22,1
DA:23,1
DA:24,1
DA:29,1
DA:30,1
DA:34,1
DA:36,3
DA:38,0
DA:42,1
DA:43,2
DA:44,1
DA:46,2
DA:48,0
DA:52,1
DA:53,2
DA:55,3
DA:57,0
LF:19
LH:16
end_of_record
SF:lib\features\settings\data\repositories\prefs_repository_impl.dart
DA:13,1
DA:17,1
DA:20,5
DA:21,0
DA:22,0
DA:26,1
DA:27,3
DA:29,1
DA:30,1
DA:33,1
DA:34,3
DA:35,1
DA:36,1
DA:37,1
DA:40,1
DA:41,3
DA:42,1
DA:43,1
DA:47,1
DA:49,5
DA:50,0
LF:21
LH:18
end_of_record
SF:lib\features\settings\data\models\user_prefs_model.dart
DA:7,2
DA:13,2
DA:14,1
DA:15,2
DA:16,1
DA:19,4
DA:20,2
DA:21,2
DA:22,2
DA:31,4
DA:32,2
DA:33,4
DA:34,2
DA:37,4
DA:38,2
DA:39,2
DA:40,2
LF:17
LH:17
end_of_record
SF:lib\features\settings\domain\entities\user_prefs.dart
DA:9,2
DA:24,1
DA:29,1
DA:30,1
DA:31,1
DA:32,1
DA:36,1
DA:38,1
DA:39,3
DA:40,3
DA:41,3
DA:43,1
DA:44,4
LF:13
LH:13
end_of_record
